<?xml version="1.0" encoding="UTF-8"?>
<!-- Generated by org.testng.reporters.JUnitXMLReporter -->
<testsuite ignored="0" hostname="DESKTOP-8DPVRQ3" failures="0" tests="6" name="Default test" time="0.188" errors="0" timestamp="2021-07-29T13:40:03 IST">
  <testcase classname="com.maven.testng.VerifyQualificationSkills" name="dd" time="0.007"/>
  <testcase classname="com.maven.testng.VerifyQualificationSkills" name="dd" time="0.001"/>
  <testcase classname="com.maven.testng.VerifyQualificationSkills" name="dd" time="0.001"/>
  <testcase classname="com.maven.testng.VerifyQualificationSkills" name="dd" time="0.001"/>
  <testcase classname="com.maven.testng.VerifyQualificationSkills" name="dd" time="0.001"/>
  <testcase classname="com.maven.testng.VerifyQualificationSkills" name="dd" time="0.001"/>
</testsuite> <!-- Default test -->
