<?xml version="1.0" encoding="UTF-8"?>
<!-- Generated by org.testng.reporters.JUnitXMLReporter -->
<testsuite ignored="0" hostname="DESKTOP-8DPVRQ3" failures="0" tests="6" name="Default test" time="0.115" errors="0" timestamp="2021-07-15T20:34:40 IST">
  <testcase classname="com.maven.testng.TempClass" name="test" time="0.004"/>
  <testcase classname="com.maven.testng.TempClass" name="test" time="0.0"/>
  <testcase classname="com.maven.testng.TempClass" name="test" time="0.001"/>
  <testcase classname="com.maven.testng.TempClass" name="test" time="0.001"/>
  <testcase classname="com.maven.testng.TempClass" name="test" time="0.001"/>
  <testcase classname="com.maven.testng.TempClass" name="test" time="0.0"/>
</testsuite> <!-- Default test -->
