<?xml version="1.0" encoding="UTF-8"?>
<!-- Generated by org.testng.reporters.JUnitXMLReporter -->
<testsuite ignored="0" hostname="DESKTOP-8DPVRQ3" failures="0" tests="16" name="Test" time="86.75" errors="0" timestamp="2021-07-10T16:37:56 IST">
  <testcase classname="com.maven.testng.VerifyLoginTest" name="verifyLoginErrorMessage" time="1.652"/>
  <testcase classname="com.maven.testng.VerifyLoginTest" name="verifyLoginWithCorrectCredentials" time="6.665"/>
  <testcase classname="com.maven.testng.VerifyJobTitlesPage" name="verifyAddJobTitle" time="6.366"/>
  <testcase classname="com.maven.testng.VerifyJobTitlesPage" name="verifyAddJobTitle" time="3.996"/>
  <testcase classname="com.maven.testng.VerifyJobTitlesPage" name="verifyAddJobTitle" time="4.171"/>
  <testcase classname="com.maven.testng.VerifyJobTitlesPage" name="verifyAddJobTitle" time="3.657"/>
  <testcase classname="com.maven.testng.VerifyJobTitlesPage" name="verifyAddJobTitle" time="4.69"/>
  <testcase classname="com.maven.testng.VerifyJobTitlesPage" name="verifyAddJobTitle" time="5.155"/>
  <testcase classname="com.maven.testng.VerifyJobTitlesPage" name="verifyAddJobTitle" time="4.84"/>
  <testcase classname="com.maven.testng.VerifyJobTitlesPage" name="verifyEditJobTitle" time="4.925"/>
  <testcase classname="com.maven.testng.VerifyJobTitlesPage" name="verifyEditJobTitle" time="6.099"/>
  <testcase classname="com.maven.testng.VerifyJobTitlesPage" name="verifyEditJobTitle" time="5.807"/>
  <testcase classname="com.maven.testng.VerifyJobTitlesPage" name="verifyEditJobTitle" time="7.403"/>
  <testcase classname="com.maven.testng.VerifyJobTitlesPage" name="verifyEditJobTitle" time="5.194"/>
  <testcase classname="com.maven.testng.VerifyJobTitlesPage" name="verifyEditJobTitle" time="4.469"/>
  <testcase classname="com.maven.testng.VerifyJobTitlesPage" name="verifyEditJobTitle" time="4.35"/>
</testsuite> <!-- Test -->
