<?xml version="1.0" encoding="UTF-8"?>
<!-- Generated by org.testng.reporters.JUnitXMLReporter -->
<testsuite ignored="0" hostname="DESKTOP-8DPVRQ3" failures="0" tests="4" name="Command line test" time="23.036" errors="0" timestamp="2021-06-23T21:49:18 IST">
  <testcase classname="com.maven.testng.VerifyLoginTest" name="verifyLoginErrorMessage" time="1.263"/>
  <testcase classname="com.maven.testng.VerifyLoginTest" name="verifyLoginWithCorrectCredentials" time="4.485"/>
  <testcase classname="com.maven.testng.VerifyUserManagementPageTest" name="verifyAddUserAdmin" time="6.65"/>
  <testcase classname="com.maven.testng.VerifyUserManagementPageTest" name="verifyAddUserESS" time="5.884"/>
</testsuite> <!-- Command line test -->
