<?xml version="1.0" encoding="UTF-8"?>
<!-- Generated by org.testng.reporters.JUnitXMLReporter -->
<testsuite ignored="0" hostname="DESKTOP-8DPVRQ3" failures="0" tests="4" name="Command line test" time="28.209" errors="0" timestamp="2021-06-22T19:45:09 IST">
  <testcase classname="com.maven.testng.VerifyLoginTest" name="verifyLoginErrorMessage" time="1.523"/>
  <testcase classname="com.maven.testng.VerifyLoginTest" name="verifyLoginWithCorrectCredentials" time="6.328"/>
  <testcase classname="com.maven.testng.VerifyUserManagementPageTest" name="verifyAddUserAdmin" time="6.781"/>
  <testcase classname="com.maven.testng.VerifyUserManagementPageTest" name="verifyAddUserESS" time="5.866"/>
</testsuite> <!-- Command line test -->
