<?xml version="1.0" encoding="UTF-8"?>
<!-- Generated by org.testng.reporters.JUnitXMLReporter -->
<testsuite ignored="0" hostname="DESKTOP-8DPVRQ3" failures="0" tests="3" name="Test" time="14.169" errors="0" timestamp="2021-07-03T19:25:51 IST">
  <testcase classname="com.maven.testng.VerifyLoginTest" name="verifyLoginErrorMessage" time="1.47"/>
  <testcase classname="com.maven.testng.VerifyLoginTest" name="verifyLoginWithCorrectCredentials" time="4.783"/>
  <testcase classname="com.maven.testng.VerifyUserManagementPage" name="test" time="2.537"/>
</testsuite> <!-- Test -->
