<?xml version="1.0" encoding="UTF-8"?>
<!-- Generated by org.testng.reporters.JUnitXMLReporter -->
<testsuite ignored="0" hostname="DESKTOP-8DPVRQ3" failures="0" tests="3" name="Test" time="14.353" errors="0" timestamp="2021-06-23T21:57:44 IST">
  <testcase classname="com.maven.testng.VerifyLoginTest" name="verifyLoginErrorMessage" time="1.668"/>
  <testcase classname="com.maven.testng.VerifyLoginTest" name="verifyLoginWithCorrectCredentials" time="4.48"/>
  <testcase classname="com.maven.testng.VerifyJobTitlesPage" name="verifyAddUser" time="2.732"/>
</testsuite> <!-- Test -->
