<?xml version="1.0" encoding="UTF-8"?>
<!-- Generated by org.testng.reporters.JUnitXMLReporter -->
<testsuite ignored="0" hostname="DESKTOP-8DPVRQ3" failures="0" tests="2" name="Command line test" time="10.652" errors="0" timestamp="2021-06-19T08:14:36 IST">
  <testcase classname="com.maven.testng.VerifyLoginTest" name="verifyLoginErrorMessage" time="5.474"/>
  <testcase classname="com.maven.testng.VerifyLoginTest" name="verifyLoginWithCorrectCredentials" time="5.067"/>
</testsuite> <!-- Command line test -->
