<?xml version="1.0" encoding="UTF-8"?>
<testng-results ignored="0" total="3" passed="3" failed="0" skipped="0">
  <reporter-output>
  </reporter-output>
  <suite started-at="2021-07-10T16:04:55 IST" name="Suite" finished-at="2021-07-10T16:05:14 IST" duration-ms="19183">
    <groups>
    </groups>
    <test started-at="2021-07-10T16:04:55 IST" name="Test" finished-at="2021-07-10T16:05:14 IST" duration-ms="19183">
      <class name="com.maven.testng.VerifyLoginTest">
        <test-method is-config="true" signature="getURL()[pri:0, instance:com.maven.testng.VerifyLoginTest@388526fb]" started-at="2021-07-10T16:04:55 IST" name="getURL" finished-at="2021-07-10T16:05:01 IST" duration-ms="6238" status="PASS">
          <reporter-output>
          </reporter-output>
        </test-method> <!-- getURL -->
        <test-method signature="verifyLoginErrorMessage()[pri:1, instance:com.maven.testng.VerifyLoginTest@388526fb]" started-at="2021-07-10T16:05:01 IST" name="verifyLoginErrorMessage" finished-at="2021-07-10T16:05:03 IST" duration-ms="1599" status="PASS">
          <reporter-output>
          </reporter-output>
        </test-method> <!-- verifyLoginErrorMessage -->
        <test-method signature="verifyLoginWithCorrectCredentials()[pri:2, instance:com.maven.testng.VerifyLoginTest@388526fb]" started-at="2021-07-10T16:05:03 IST" name="verifyLoginWithCorrectCredentials" finished-at="2021-07-10T16:05:10 IST" duration-ms="6906" status="PASS">
          <reporter-output>
          </reporter-output>
        </test-method> <!-- verifyLoginWithCorrectCredentials -->
        <test-method is-config="true" signature="closeBrowser()[pri:0, instance:com.maven.testng.VerifyLoginTest@388526fb]" started-at="2021-07-10T16:05:14 IST" name="closeBrowser" finished-at="2021-07-10T16:05:14 IST" duration-ms="0" status="PASS">
          <reporter-output>
          </reporter-output>
        </test-method> <!-- closeBrowser -->
      </class> <!-- com.maven.testng.VerifyLoginTest -->
      <class name="com.maven.testng.VerifyJobTitlesPage">
        <test-method signature="verifyEditJobTitle(java.lang.String,java.lang.String,java.lang.String,java.lang.String)[pri:2, instance:com.maven.testng.VerifyJobTitlesPage@6f3c660a]" started-at="2021-07-10T16:05:10 IST" name="verifyEditJobTitle" data-provider="extractedEditedJobTitles" finished-at="2021-07-10T16:05:14 IST" duration-ms="4335" status="PASS">
          <params>
            <param index="0">
              <value>
                <![CDATA[IT Manager]]>
              </value>
            </param>
            <param index="1">
              <value>
                <![CDATA[Test Job Title 01 Admin updated]]>
              </value>
            </param>
            <param index="2">
              <value>
                <![CDATA[Test Job Description 01]]>
              </value>
            </param>
            <param index="3">
              <value>
                <![CDATA[Test Job Title Note 01]]>
              </value>
            </param>
          </params>
          <reporter-output>
          </reporter-output>
        </test-method> <!-- verifyEditJobTitle -->
      </class> <!-- com.maven.testng.VerifyJobTitlesPage -->
    </test> <!-- Test -->
  </suite> <!-- Suite -->
</testng-results>
