<?xml version="1.0" encoding="UTF-8"?>
<testng-results ignored="0" total="6" passed="6" failed="0" skipped="0">
  <reporter-output>
  </reporter-output>
  <suite started-at="2021-06-27T15:13:18 IST" name="Default suite" finished-at="2021-06-27T15:13:18 IST" duration-ms="138">
    <groups>
    </groups>
    <test started-at="2021-06-27T15:13:18 IST" name="Default test" finished-at="2021-06-27T15:13:18 IST" duration-ms="138">
      <class name="com.maven.testng.VerifyPayGrades">
        <test-method signature="verifyAddPayGrades(java.lang.String)[pri:0, instance:com.maven.testng.VerifyPayGrades@584f54e6]" started-at="2021-06-27T15:13:18 IST" name="verifyAddPayGrades" data-provider="payGrades" finished-at="2021-06-27T15:13:18 IST" duration-ms="5" status="PASS">
          <params>
            <param index="0">
              <value>
                <![CDATA[aaaa]]>
              </value>
            </param>
          </params>
          <reporter-output>
          </reporter-output>
        </test-method> <!-- verifyAddPayGrades -->
        <test-method signature="verifyAddPayGrades(java.lang.String)[pri:0, instance:com.maven.testng.VerifyPayGrades@584f54e6]" started-at="2021-06-27T15:13:18 IST" name="verifyAddPayGrades" data-provider="payGrades" finished-at="2021-06-27T15:13:18 IST" duration-ms="1" status="PASS">
          <params>
            <param index="0">
              <value>
                <![CDATA[cccccc]]>
              </value>
            </param>
          </params>
          <reporter-output>
          </reporter-output>
        </test-method> <!-- verifyAddPayGrades -->
        <test-method signature="verifyAddPayGrades(java.lang.String)[pri:0, instance:com.maven.testng.VerifyPayGrades@584f54e6]" started-at="2021-06-27T15:13:18 IST" name="verifyAddPayGrades" data-provider="payGrades" finished-at="2021-06-27T15:13:18 IST" duration-ms="1" status="PASS">
          <params>
            <param index="0">
              <value>
                <![CDATA[bbbbbb]]>
              </value>
            </param>
          </params>
          <reporter-output>
          </reporter-output>
        </test-method> <!-- verifyAddPayGrades -->
        <test-method signature="verifyAddPayGrades(java.lang.String)[pri:0, instance:com.maven.testng.VerifyPayGrades@584f54e6]" started-at="2021-06-27T15:13:18 IST" name="verifyAddPayGrades" data-provider="payGrades" finished-at="2021-06-27T15:13:18 IST" duration-ms="1" status="PASS">
          <params>
            <param index="0">
              <value>
                <![CDATA[dfggdgd]]>
              </value>
            </param>
          </params>
          <reporter-output>
          </reporter-output>
        </test-method> <!-- verifyAddPayGrades -->
        <test-method signature="verifyAddPayGrades(java.lang.String)[pri:0, instance:com.maven.testng.VerifyPayGrades@584f54e6]" started-at="2021-06-27T15:13:18 IST" name="verifyAddPayGrades" data-provider="payGrades" finished-at="2021-06-27T15:13:18 IST" duration-ms="1" status="PASS">
          <params>
            <param index="0">
              <value>
                <![CDATA[rrrr]]>
              </value>
            </param>
          </params>
          <reporter-output>
          </reporter-output>
        </test-method> <!-- verifyAddPayGrades -->
        <test-method signature="verifyAddPayGrades(java.lang.String)[pri:0, instance:com.maven.testng.VerifyPayGrades@584f54e6]" started-at="2021-06-27T15:13:18 IST" name="verifyAddPayGrades" data-provider="payGrades" finished-at="2021-06-27T15:13:18 IST" duration-ms="0" status="PASS">
          <params>
            <param index="0">
              <value>
                <![CDATA[gsf]]>
              </value>
            </param>
          </params>
          <reporter-output>
          </reporter-output>
        </test-method> <!-- verifyAddPayGrades -->
      </class> <!-- com.maven.testng.VerifyPayGrades -->
    </test> <!-- Default test -->
  </suite> <!-- Default suite -->
</testng-results>
