<?xml version="1.0" encoding="UTF-8"?>
<testng-results ignored="0" total="5" passed="5" failed="0" skipped="0">
  <reporter-output>
  </reporter-output>
  <suite started-at="2021-08-22T16:14:15 IST" name="Suite" finished-at="2021-08-22T16:14:56 IST" duration-ms="40509">
    <groups>
    </groups>
    <test started-at="2021-08-22T16:14:15 IST" name="Test" finished-at="2021-08-22T16:14:56 IST" duration-ms="40509">
      <class name="com.maven.testng.VerifyLoginTest">
        <test-method is-config="true" signature="getURL()[pri:0, instance:com.maven.testng.VerifyLoginTest@436bc36]" started-at="2021-08-22T16:14:15 IST" name="getURL" finished-at="2021-08-22T16:14:20 IST" duration-ms="5290" status="PASS">
          <reporter-output>
          </reporter-output>
        </test-method> <!-- getURL -->
        <test-method signature="verifyLoginErrorMessage()[pri:1, instance:com.maven.testng.VerifyLoginTest@436bc36]" started-at="2021-08-22T16:14:20 IST" name="verifyLoginErrorMessage" finished-at="2021-08-22T16:14:22 IST" duration-ms="1406" status="PASS">
          <reporter-output>
          </reporter-output>
        </test-method> <!-- verifyLoginErrorMessage -->
        <test-method signature="verifyLoginWithCorrectCredentials()[pri:2, instance:com.maven.testng.VerifyLoginTest@436bc36]" started-at="2021-08-22T16:14:22 IST" name="verifyLoginWithCorrectCredentials" finished-at="2021-08-22T16:14:27 IST" duration-ms="5599" status="PASS">
          <reporter-output>
          </reporter-output>
        </test-method> <!-- verifyLoginWithCorrectCredentials -->
        <test-method is-config="true" signature="closeBrowser()[pri:0, instance:com.maven.testng.VerifyLoginTest@436bc36]" started-at="2021-08-22T16:14:54 IST" name="closeBrowser" finished-at="2021-08-22T16:14:56 IST" duration-ms="2013" status="PASS">
          <reporter-output>
          </reporter-output>
        </test-method> <!-- closeBrowser -->
      </class> <!-- com.maven.testng.VerifyLoginTest -->
      <class name="com.maven.testng.VerifyUserManagementPage">
        <test-method is-config="true" signature="navigate()[pri:0, instance:com.maven.testng.VerifyUserManagementPage@5fe1ce85]" started-at="2021-08-22T16:14:27 IST" name="navigate" finished-at="2021-08-22T16:14:30 IST" duration-ms="2541" status="PASS">
          <reporter-output>
          </reporter-output>
        </test-method> <!-- navigate -->
        <test-method signature="addUser(java.lang.String, java.lang.String, java.lang.String, java.lang.String, java.lang.String)[pri:1, instance:com.maven.testng.VerifyUserManagementPage@5fe1ce85]" started-at="2021-08-22T16:14:30 IST" name="addUser" data-provider="userData" finished-at="2021-08-22T16:14:38 IST" duration-ms="8123" status="PASS">
          <params>
            <param index="0">
              <value>
                <![CDATA[Admin]]>
              </value>
            </param>
            <param index="1">
              <value>
                <![CDATA[Alice]]>
              </value>
            </param>
            <param index="2">
              <value>
                <![CDATA[FUN Test name 01X]]>
              </value>
            </param>
            <param index="3">
              <value>
                <![CDATA[Enabled]]>
              </value>
            </param>
            <param index="4">
              <value>
                <![CDATA[TestPassword0X1]]>
              </value>
            </param>
          </params>
          <reporter-output>
          </reporter-output>
        </test-method> <!-- addUser -->
        <test-method signature="addUser(java.lang.String, java.lang.String, java.lang.String, java.lang.String, java.lang.String)[pri:1, instance:com.maven.testng.VerifyUserManagementPage@5fe1ce85]" started-at="2021-08-22T16:14:38 IST" name="addUser" data-provider="userData" finished-at="2021-08-22T16:14:46 IST" duration-ms="8013" status="PASS">
          <params>
            <param index="0">
              <value>
                <![CDATA[Admin]]>
              </value>
            </param>
            <param index="1">
              <value>
                <![CDATA[Cecil]]>
              </value>
            </param>
            <param index="2">
              <value>
                <![CDATA[FUN Test name 03]]>
              </value>
            </param>
            <param index="3">
              <value>
                <![CDATA[Enabled]]>
              </value>
            </param>
            <param index="4">
              <value>
                <![CDATA[TestPassword0X3]]>
              </value>
            </param>
          </params>
          <reporter-output>
          </reporter-output>
        </test-method> <!-- addUser -->
        <test-method signature="addUser(java.lang.String, java.lang.String, java.lang.String, java.lang.String, java.lang.String)[pri:1, instance:com.maven.testng.VerifyUserManagementPage@5fe1ce85]" started-at="2021-08-22T16:14:46 IST" name="addUser" data-provider="userData" finished-at="2021-08-22T16:14:54 IST" duration-ms="7408" status="PASS">
          <params>
            <param index="0">
              <value>
                <![CDATA[ESS]]>
              </value>
            </param>
            <param index="1">
              <value>
                <![CDATA[Charlie]]>
              </value>
            </param>
            <param index="2">
              <value>
                <![CDATA[FUN Test name 04]]>
              </value>
            </param>
            <param index="3">
              <value>
                <![CDATA[Disabled]]>
              </value>
            </param>
            <param index="4">
              <value>
                <![CDATA[TestPassword0X4]]>
              </value>
            </param>
          </params>
          <reporter-output>
          </reporter-output>
        </test-method> <!-- addUser -->
      </class> <!-- com.maven.testng.VerifyUserManagementPage -->
    </test> <!-- Test -->
  </suite> <!-- Suite -->
</testng-results>
